<?xml version="1.0" encoding="UTF-8"?>
<testng-results ignored="0" total="18" passed="18" failed="0" skipped="0">
  <reporter-output>
  </reporter-output>
  <suite started-at="2026-03-11T15:27:50 EDT" name="VAULT Shadow DOM Test Suite" finished-at="2026-03-11T15:29:29 EDT" duration-ms="98942">
    <groups>
      <group name="cucumber">
        <method signature="AbstractTestNGCucumberTests.runScenario(io.cucumber.testng.PickleWrapper,io.cucumber.testng.FeatureWrapper)[pri:0, instance:com.vault.shadowdom.runners.ShadowDomTestRunner@433d61fb]" name="runScenario" class="io.cucumber.testng.AbstractTestNGCucumberTests"/>
      </group> <!-- cucumber -->
    </groups>
    <test started-at="2026-03-11T15:27:50 EDT" name="Shadow DOM Feature Tests" finished-at="2026-03-11T15:29:29 EDT" duration-ms="98942">
      <class name="com.vault.shadowdom.runners.ShadowDomTestRunner">
        <test-method is-config="true" signature="setUpClass(org.testng.ITestContext)[pri:0, instance:com.vault.shadowdom.runners.ShadowDomTestRunner@433d61fb]" started-at="2026-03-11T15:27:50 EDT" name="setUpClass" finished-at="2026-03-11T15:27:51 EDT" duration-ms="1753" status="PASS">
          <params>
            <param index="0">
              <value>
                <![CDATA[org.testng.TestRunner@2c16fadb]]>
              </value>
            </param>
          </params>
          <reporter-output>
          </reporter-output>
        </test-method> <!-- setUpClass -->
        <test-method signature="runScenario(io.cucumber.testng.PickleWrapper,io.cucumber.testng.FeatureWrapper)[pri:0, instance:com.vault.shadowdom.runners.ShadowDomTestRunner@433d61fb]" started-at="2026-03-11T15:27:51 EDT" name="runScenario" description="Runs Cucumber Scenarios" data-provider="scenarios" finished-at="2026-03-11T15:27:54 EDT" duration-ms="3153" status="PASS">
          <params>
            <param index="0">
              <value>
                <![CDATA["Shadow DOM page loads successfully"]]>
              </value>
            </param>
            <param index="1">
              <value>
                <![CDATA["VAULT Shadow DOM Interactions"]]>
              </value>
            </param>
          </params>
          <reporter-output>
          </reporter-output>
        </test-method> <!-- runScenario -->
        <test-method signature="runScenario(io.cucumber.testng.PickleWrapper,io.cucumber.testng.FeatureWrapper)[pri:0, instance:com.vault.shadowdom.runners.ShadowDomTestRunner@433d61fb]" started-at="2026-03-11T15:27:54 EDT" name="runScenario" description="Runs Cucumber Scenarios" data-provider="scenarios" finished-at="2026-03-11T15:27:57 EDT" duration-ms="2597" status="PASS">
          <params>
            <param index="0">
              <value>
                <![CDATA["Shadow host element is present and accessible"]]>
              </value>
            </param>
            <param index="1">
              <value>
                <![CDATA["VAULT Shadow DOM Interactions"]]>
              </value>
            </param>
          </params>
          <reporter-output>
          </reporter-output>
        </test-method> <!-- runScenario -->
        <test-method signature="runScenario(io.cucumber.testng.PickleWrapper,io.cucumber.testng.FeatureWrapper)[pri:0, instance:com.vault.shadowdom.runners.ShadowDomTestRunner@433d61fb]" started-at="2026-03-11T15:27:57 EDT" name="runScenario" description="Runs Cucumber Scenarios" data-provider="scenarios" finished-at="2026-03-11T15:28:00 EDT" duration-ms="2679" status="PASS">
          <params>
            <param index="0">
              <value>
                <![CDATA["Shadow DOM widgets render visible text content"]]>
              </value>
            </param>
            <param index="1">
              <value>
                <![CDATA["VAULT Shadow DOM Interactions"]]>
              </value>
            </param>
          </params>
          <reporter-output>
          </reporter-output>
        </test-method> <!-- runScenario -->
        <test-method signature="runScenario(io.cucumber.testng.PickleWrapper,io.cucumber.testng.FeatureWrapper)[pri:0, instance:com.vault.shadowdom.runners.ShadowDomTestRunner@433d61fb]" started-at="2026-03-11T15:28:00 EDT" name="runScenario" description="Runs Cucumber Scenarios" data-provider="scenarios" finished-at="2026-03-11T15:28:05 EDT" duration-ms="5408" status="PASS">
          <params>
            <param index="0">
              <value>
                <![CDATA["User can type into the shadow DOM form input"]]>
              </value>
            </param>
            <param index="1">
              <value>
                <![CDATA["VAULT Shadow DOM Interactions"]]>
              </value>
            </param>
          </params>
          <reporter-output>
          </reporter-output>
        </test-method> <!-- runScenario -->
        <test-method signature="runScenario(io.cucumber.testng.PickleWrapper,io.cucumber.testng.FeatureWrapper)[pri:0, instance:com.vault.shadowdom.runners.ShadowDomTestRunner@433d61fb]" started-at="2026-03-11T15:28:05 EDT" name="runScenario" description="Runs Cucumber Scenarios" data-provider="scenarios" finished-at="2026-03-11T15:28:15 EDT" duration-ms="10007" status="PASS">
          <params>
            <param index="0">
              <value>
                <![CDATA["User can clear and retype in the shadow DOM form input"]]>
              </value>
            </param>
            <param index="1">
              <value>
                <![CDATA["VAULT Shadow DOM Interactions"]]>
              </value>
            </param>
          </params>
          <reporter-output>
          </reporter-output>
        </test-method> <!-- runScenario -->
        <test-method signature="runScenario(io.cucumber.testng.PickleWrapper,io.cucumber.testng.FeatureWrapper)[pri:0, instance:com.vault.shadowdom.runners.ShadowDomTestRunner@433d61fb]" started-at="2026-03-11T15:28:15 EDT" name="runScenario" description="Runs Cucumber Scenarios" data-provider="scenarios" finished-at="2026-03-11T15:28:20 EDT" duration-ms="4706" status="PASS">
          <params>
            <param index="0">
              <value>
                <![CDATA["Submit button is enabled and clickable"]]>
              </value>
            </param>
            <param index="1">
              <value>
                <![CDATA["VAULT Shadow DOM Interactions"]]>
              </value>
            </param>
          </params>
          <reporter-output>
          </reporter-output>
        </test-method> <!-- runScenario -->
        <test-method signature="runScenario(io.cucumber.testng.PickleWrapper,io.cucumber.testng.FeatureWrapper)[pri:0, instance:com.vault.shadowdom.runners.ShadowDomTestRunner@433d61fb]" started-at="2026-03-11T15:28:20 EDT" name="runScenario" description="Runs Cucumber Scenarios" data-provider="scenarios" finished-at="2026-03-11T15:28:27 EDT" duration-ms="7473" status="PASS">
          <params>
            <param index="0">
              <value>
                <![CDATA["User can fill the form and submit it"]]>
              </value>
            </param>
            <param index="1">
              <value>
                <![CDATA["VAULT Shadow DOM Interactions"]]>
              </value>
            </param>
          </params>
          <reporter-output>
          </reporter-output>
        </test-method> <!-- runScenario -->
        <test-method signature="runScenario(io.cucumber.testng.PickleWrapper,io.cucumber.testng.FeatureWrapper)[pri:0, instance:com.vault.shadowdom.runners.ShadowDomTestRunner@433d61fb]" started-at="2026-03-11T15:28:27 EDT" name="runScenario" description="Runs Cucumber Scenarios" data-provider="scenarios" finished-at="2026-03-11T15:28:33 EDT" duration-ms="5419" status="PASS">
          <params>
            <param index="0">
              <value>
                <![CDATA["Shadow form input accepts various email formats"]]>
              </value>
            </param>
            <param index="1">
              <value>
                <![CDATA["VAULT Shadow DOM Interactions"]]>
              </value>
            </param>
          </params>
          <reporter-output>
          </reporter-output>
        </test-method> <!-- runScenario -->
        <test-method signature="runScenario(io.cucumber.testng.PickleWrapper,io.cucumber.testng.FeatureWrapper)[pri:0, instance:com.vault.shadowdom.runners.ShadowDomTestRunner@433d61fb]" started-at="2026-03-11T15:28:33 EDT" name="runScenario" description="Runs Cucumber Scenarios" data-provider="scenarios" finished-at="2026-03-11T15:28:38 EDT" duration-ms="5373" status="PASS">
          <params>
            <param index="0">
              <value>
                <![CDATA["Shadow form input accepts various email formats"]]>
              </value>
            </param>
            <param index="1">
              <value>
                <![CDATA["VAULT Shadow DOM Interactions"]]>
              </value>
            </param>
          </params>
          <reporter-output>
          </reporter-output>
        </test-method> <!-- runScenario -->
        <test-method signature="runScenario(io.cucumber.testng.PickleWrapper,io.cucumber.testng.FeatureWrapper)[pri:0, instance:com.vault.shadowdom.runners.ShadowDomTestRunner@433d61fb]" started-at="2026-03-11T15:28:38 EDT" name="runScenario" description="Runs Cucumber Scenarios" data-provider="scenarios" finished-at="2026-03-11T15:28:44 EDT" duration-ms="5949" status="PASS">
          <params>
            <param index="0">
              <value>
                <![CDATA["Shadow form input accepts various email formats"]]>
              </value>
            </param>
            <param index="1">
              <value>
                <![CDATA["VAULT Shadow DOM Interactions"]]>
              </value>
            </param>
          </params>
          <reporter-output>
          </reporter-output>
        </test-method> <!-- runScenario -->
        <test-method signature="runScenario(io.cucumber.testng.PickleWrapper,io.cucumber.testng.FeatureWrapper)[pri:0, instance:com.vault.shadowdom.runners.ShadowDomTestRunner@433d61fb]" started-at="2026-03-11T15:28:44 EDT" name="runScenario" description="Runs Cucumber Scenarios" data-provider="scenarios" finished-at="2026-03-11T15:28:48 EDT" duration-ms="4149" status="PASS">
          <params>
            <param index="0">
              <value>
                <![CDATA["Counter starts at zero on page load"]]>
              </value>
            </param>
            <param index="1">
              <value>
                <![CDATA["VAULT Shadow DOM Interactions"]]>
              </value>
            </param>
          </params>
          <reporter-output>
          </reporter-output>
        </test-method> <!-- runScenario -->
        <test-method signature="runScenario(io.cucumber.testng.PickleWrapper,io.cucumber.testng.FeatureWrapper)[pri:0, instance:com.vault.shadowdom.runners.ShadowDomTestRunner@433d61fb]" started-at="2026-03-11T15:28:48 EDT" name="runScenario" description="Runs Cucumber Scenarios" data-provider="scenarios" finished-at="2026-03-11T15:28:57 EDT" duration-ms="8557" status="PASS">
          <params>
            <param index="0">
              <value>
                <![CDATA["Increment button increases the counter"]]>
              </value>
            </param>
            <param index="1">
              <value>
                <![CDATA["VAULT Shadow DOM Interactions"]]>
              </value>
            </param>
          </params>
          <reporter-output>
          </reporter-output>
        </test-method> <!-- runScenario -->
        <test-method signature="runScenario(io.cucumber.testng.PickleWrapper,io.cucumber.testng.FeatureWrapper)[pri:0, instance:com.vault.shadowdom.runners.ShadowDomTestRunner@433d61fb]" started-at="2026-03-11T15:28:57 EDT" name="runScenario" description="Runs Cucumber Scenarios" data-provider="scenarios" finished-at="2026-03-11T15:29:05 EDT" duration-ms="7864" status="PASS">
          <params>
            <param index="0">
              <value>
                <![CDATA["Clicking increment and decrement buttons does not throw JS errors"]]>
              </value>
            </param>
            <param index="1">
              <value>
                <![CDATA["VAULT Shadow DOM Interactions"]]>
              </value>
            </param>
          </params>
          <reporter-output>
          </reporter-output>
        </test-method> <!-- runScenario -->
        <test-method signature="runScenario(io.cucumber.testng.PickleWrapper,io.cucumber.testng.FeatureWrapper)[pri:0, instance:com.vault.shadowdom.runners.ShadowDomTestRunner@433d61fb]" started-at="2026-03-11T15:29:05 EDT" name="runScenario" description="Runs Cucumber Scenarios" data-provider="scenarios" finished-at="2026-03-11T15:29:07 EDT" duration-ms="2604" status="PASS">
          <params>
            <param index="0">
              <value>
                <![CDATA["Shadow select dropdown has options available"]]>
              </value>
            </param>
            <param index="1">
              <value>
                <![CDATA["VAULT Shadow DOM Interactions"]]>
              </value>
            </param>
          </params>
          <reporter-output>
          </reporter-output>
        </test-method> <!-- runScenario -->
        <test-method signature="runScenario(io.cucumber.testng.PickleWrapper,io.cucumber.testng.FeatureWrapper)[pri:0, instance:com.vault.shadowdom.runners.ShadowDomTestRunner@433d61fb]" started-at="2026-03-11T15:29:07 EDT" name="runScenario" description="Runs Cucumber Scenarios" data-provider="scenarios" finished-at="2026-03-11T15:29:12 EDT" duration-ms="4744" status="PASS">
          <params>
            <param index="0">
              <value>
                <![CDATA["User can select the second option in the shadow dropdown"]]>
              </value>
            </param>
            <param index="1">
              <value>
                <![CDATA["VAULT Shadow DOM Interactions"]]>
              </value>
            </param>
          </params>
          <reporter-output>
          </reporter-output>
        </test-method> <!-- runScenario -->
        <test-method signature="runScenario(io.cucumber.testng.PickleWrapper,io.cucumber.testng.FeatureWrapper)[pri:0, instance:com.vault.shadowdom.runners.ShadowDomTestRunner@433d61fb]" started-at="2026-03-11T15:29:12 EDT" name="runScenario" description="Runs Cucumber Scenarios" data-provider="scenarios" finished-at="2026-03-11T15:29:19 EDT" duration-ms="6818" status="PASS">
          <params>
            <param index="0">
              <value>
                <![CDATA["User can select multiple options in sequence without errors"]]>
              </value>
            </param>
            <param index="1">
              <value>
                <![CDATA["VAULT Shadow DOM Interactions"]]>
              </value>
            </param>
          </params>
          <reporter-output>
          </reporter-output>
        </test-method> <!-- runScenario -->
        <test-method signature="runScenario(io.cucumber.testng.PickleWrapper,io.cucumber.testng.FeatureWrapper)[pri:0, instance:com.vault.shadowdom.runners.ShadowDomTestRunner@433d61fb]" started-at="2026-03-11T15:29:19 EDT" name="runScenario" description="Runs Cucumber Scenarios" data-provider="scenarios" finished-at="2026-03-11T15:29:26 EDT" duration-ms="6915" status="PASS">
          <params>
            <param index="0">
              <value>
                <![CDATA["Shadow DOM elements are reachable by keyboard Tab navigation"]]>
              </value>
            </param>
            <param index="1">
              <value>
                <![CDATA["VAULT Shadow DOM Interactions"]]>
              </value>
            </param>
          </params>
          <reporter-output>
          </reporter-output>
        </test-method> <!-- runScenario -->
        <test-method signature="runScenario(io.cucumber.testng.PickleWrapper,io.cucumber.testng.FeatureWrapper)[pri:0, instance:com.vault.shadowdom.runners.ShadowDomTestRunner@433d61fb]" started-at="2026-03-11T15:29:26 EDT" name="runScenario" description="Runs Cucumber Scenarios" data-provider="scenarios" finished-at="2026-03-11T15:29:28 EDT" duration-ms="2659" status="PASS">
          <params>
            <param index="0">
              <value>
                <![CDATA["Shadow DOM roots are accessible via JavaScript traversal"]]>
              </value>
            </param>
            <param index="1">
              <value>
                <![CDATA["VAULT Shadow DOM Interactions"]]>
              </value>
            </param>
          </params>
          <reporter-output>
          </reporter-output>
        </test-method> <!-- runScenario -->
        <test-method is-config="true" signature="tearDownClass()[pri:0, instance:com.vault.shadowdom.runners.ShadowDomTestRunner@433d61fb]" started-at="2026-03-11T15:29:28 EDT" name="tearDownClass" finished-at="2026-03-11T15:29:29 EDT" duration-ms="94" status="PASS">
          <reporter-output>
          </reporter-output>
        </test-method> <!-- tearDownClass -->
      </class> <!-- com.vault.shadowdom.runners.ShadowDomTestRunner -->
    </test> <!-- Shadow DOM Feature Tests -->
  </suite> <!-- VAULT Shadow DOM Test Suite -->
</testng-results>
