<?xml version="1.0" encoding="UTF-8"?>
<!-- Generated by org.testng.reporters.JUnitReportReporter -->
<testsuite hostname="Scotts-MacBook-Pro.local" failures="0" tests="18" name="com.vault.shadowdom.runners.ShadowDomTestRunner" time="97.074" errors="0" timestamp="2026-03-11T15:29:29 EDT" skipped="0">
  <testcase classname="com.vault.shadowdom.runners.ShadowDomTestRunner" name="runScenario" time="7.473"/>
  <testcase classname="com.vault.shadowdom.runners.ShadowDomTestRunner" name="runScenario" time="5.373"/>
  <testcase classname="com.vault.shadowdom.runners.ShadowDomTestRunner" name="runScenario" time="2.597"/>
  <testcase classname="com.vault.shadowdom.runners.ShadowDomTestRunner" name="runScenario" time="2.679"/>
  <testcase classname="com.vault.shadowdom.runners.ShadowDomTestRunner" name="runScenario" time="8.557"/>
  <testcase classname="com.vault.shadowdom.runners.ShadowDomTestRunner" name="runScenario" time="7.864"/>
  <testcase classname="com.vault.shadowdom.runners.ShadowDomTestRunner" name="runScenario" time="5.419"/>
  <testcase classname="com.vault.shadowdom.runners.ShadowDomTestRunner" name="runScenario" time="4.744"/>
  <testcase classname="com.vault.shadowdom.runners.ShadowDomTestRunner" name="runScenario" time="2.659"/>
  <testcase classname="com.vault.shadowdom.runners.ShadowDomTestRunner" name="runScenario" time="5.408"/>
  <testcase classname="com.vault.shadowdom.runners.ShadowDomTestRunner" name="runScenario" time="5.949"/>
  <testcase classname="com.vault.shadowdom.runners.ShadowDomTestRunner" name="runScenario" time="2.604"/>
  <testcase classname="com.vault.shadowdom.runners.ShadowDomTestRunner" name="runScenario" time="6.818"/>
  <testcase classname="com.vault.shadowdom.runners.ShadowDomTestRunner" name="runScenario" time="4.706"/>
  <testcase classname="com.vault.shadowdom.runners.ShadowDomTestRunner" name="runScenario" time="4.149"/>
  <testcase classname="com.vault.shadowdom.runners.ShadowDomTestRunner" name="runScenario" time="3.153"/>
  <testcase classname="com.vault.shadowdom.runners.ShadowDomTestRunner" name="runScenario" time="6.915"/>
  <testcase classname="com.vault.shadowdom.runners.ShadowDomTestRunner" name="runScenario" time="10.007"/>
</testsuite> <!-- com.vault.shadowdom.runners.ShadowDomTestRunner -->
